2020-07-07 06:37:25 [scrapy.utils.log] INFO: Scrapy 2.1.0 started (bot: movies)
2020-07-07 06:37:25 [scrapy.utils.log] INFO: Versions: lxml 4.5.0.0, libxml2 2.9.10, cssselect 1.1.0, parsel 1.6.0, w3lib 1.22.0, Twisted 20.3.0, Python 3.7.6 (v3.7.6:43364a7ae0, Dec 18 2019, 14:18:50) - [Clang 6.0 (clang-600.0.57)], pyOpenSSL 19.1.0 (OpenSSL 1.1.1g  21 Apr 2020), cryptography 2.9.2, Platform Darwin-19.5.0-x86_64-i386-64bit
2020-07-07 06:37:25 [scrapy.utils.log] DEBUG: Using reactor: twisted.internet.selectreactor.SelectReactor
2020-07-07 06:37:25 [scrapy.crawler] INFO: Overridden settings:
{'BOT_NAME': 'movies',
 'DOWNLOAD_DELAY': 0.5,
 'DOWNLOAD_TIMEOUT': 5,
 'DOWNLOAD_WARNSIZE': 0,
 'LOG_FILE': 'log/scrapy_log_20200707_063725.log',
 'NEWSPIDER_MODULE': 'movies.spiders',
 'SPIDER_MODULES': ['movies.spiders'],
 'USER_AGENT': 'Mozilla/5.0 (Macintosh; Intel Mac OS X 10_15_1) '
               'AppleWebKit/537.36 (KHTML, like Gecko) Chrome/83.0.4103.116 '
               'Safari/537.36'}
2020-07-07 06:37:25 [scrapy.extensions.telnet] INFO: Telnet Password: 275ab142a27dccaf
2020-07-07 06:37:25 [scrapy.middleware] INFO: Enabled extensions:
['scrapy.extensions.corestats.CoreStats',
 'scrapy.extensions.telnet.TelnetConsole',
 'scrapy.extensions.memusage.MemoryUsage',
 'scrapy.extensions.logstats.LogStats']
2020-07-07 06:37:25 [scrapy.middleware] INFO: Enabled downloader middlewares:
['scrapy.downloadermiddlewares.httpauth.HttpAuthMiddleware',
 'scrapy.downloadermiddlewares.downloadtimeout.DownloadTimeoutMiddleware',
 'scrapy.downloadermiddlewares.defaultheaders.DefaultHeadersMiddleware',
 'movies.middlewares.RandomHttpProxyMiddleware',
 'scrapy.downloadermiddlewares.useragent.UserAgentMiddleware',
 'movies.middlewares.MoviesDownloaderMiddleware',
 'scrapy.downloadermiddlewares.retry.RetryMiddleware',
 'scrapy.downloadermiddlewares.redirect.MetaRefreshMiddleware',
 'scrapy.downloadermiddlewares.httpcompression.HttpCompressionMiddleware',
 'scrapy.downloadermiddlewares.redirect.RedirectMiddleware',
 'scrapy.downloadermiddlewares.cookies.CookiesMiddleware',
 'scrapy.downloadermiddlewares.httpproxy.HttpProxyMiddleware',
 'scrapy.downloadermiddlewares.stats.DownloaderStats']
2020-07-07 06:37:25 [scrapy.middleware] INFO: Enabled spider middlewares:
['scrapy.spidermiddlewares.httperror.HttpErrorMiddleware',
 'scrapy.spidermiddlewares.offsite.OffsiteMiddleware',
 'scrapy.spidermiddlewares.referer.RefererMiddleware',
 'scrapy.spidermiddlewares.urllength.UrlLengthMiddleware',
 'scrapy.spidermiddlewares.depth.DepthMiddleware']
2020-07-07 06:37:25 [scrapy.middleware] INFO: Enabled item pipelines:
['movies.pipelines.MoviesPipeline']
2020-07-07 06:37:25 [scrapy.core.engine] INFO: Spider opened
2020-07-07 06:37:25 [scrapy.extensions.logstats] INFO: Crawled 0 pages (at 0 pages/min), scraped 0 items (at 0 items/min)
2020-07-07 06:37:25 [maoyan] INFO: Spider opened: maoyan
2020-07-07 06:37:25 [scrapy.extensions.telnet] INFO: Telnet console listening on 127.0.0.1:6023
2020-07-07 06:37:26 [scrapy.core.engine] DEBUG: Crawled (200) <GET https://maoyan.com/films?showType=3> (referer: https://maoyan.com/films?showType=3)
2020-07-07 06:37:26 [scrapy.core.scraper] DEBUG: Scraped from <200 https://maoyan.com/films?showType=3>
None
2020-07-07 06:37:26 [scrapy.core.scraper] DEBUG: Scraped from <200 https://maoyan.com/films?showType=3>
None
2020-07-07 06:37:26 [scrapy.core.scraper] DEBUG: Scraped from <200 https://maoyan.com/films?showType=3>
None
2020-07-07 06:37:26 [scrapy.core.scraper] DEBUG: Scraped from <200 https://maoyan.com/films?showType=3>
None
2020-07-07 06:37:26 [scrapy.core.scraper] DEBUG: Scraped from <200 https://maoyan.com/films?showType=3>
None
2020-07-07 06:37:26 [scrapy.core.scraper] DEBUG: Scraped from <200 https://maoyan.com/films?showType=3>
None
2020-07-07 06:37:26 [scrapy.core.scraper] DEBUG: Scraped from <200 https://maoyan.com/films?showType=3>
None
2020-07-07 06:37:26 [scrapy.core.scraper] DEBUG: Scraped from <200 https://maoyan.com/films?showType=3>
None
2020-07-07 06:37:26 [scrapy.core.scraper] DEBUG: Scraped from <200 https://maoyan.com/films?showType=3>
None
2020-07-07 06:37:26 [scrapy.core.scraper] DEBUG: Scraped from <200 https://maoyan.com/films?showType=3>
None
2020-07-07 06:37:26 [scrapy.core.scraper] DEBUG: Scraped from <200 https://maoyan.com/films?showType=3>
None
2020-07-07 06:37:26 [scrapy.core.scraper] DEBUG: Scraped from <200 https://maoyan.com/films?showType=3>
None
2020-07-07 06:37:26 [scrapy.core.scraper] DEBUG: Scraped from <200 https://maoyan.com/films?showType=3>
None
2020-07-07 06:37:26 [scrapy.core.scraper] DEBUG: Scraped from <200 https://maoyan.com/films?showType=3>
None
2020-07-07 06:37:26 [scrapy.core.scraper] DEBUG: Scraped from <200 https://maoyan.com/films?showType=3>
None
2020-07-07 06:37:26 [scrapy.core.scraper] DEBUG: Scraped from <200 https://maoyan.com/films?showType=3>
None
2020-07-07 06:37:26 [scrapy.core.scraper] DEBUG: Scraped from <200 https://maoyan.com/films?showType=3>
None
2020-07-07 06:37:26 [scrapy.core.scraper] DEBUG: Scraped from <200 https://maoyan.com/films?showType=3>
None
2020-07-07 06:37:26 [scrapy.core.scraper] DEBUG: Scraped from <200 https://maoyan.com/films?showType=3>
None
2020-07-07 06:37:26 [scrapy.core.scraper] DEBUG: Scraped from <200 https://maoyan.com/films?showType=3>
None
2020-07-07 06:37:26 [scrapy.core.scraper] DEBUG: Scraped from <200 https://maoyan.com/films?showType=3>
None
2020-07-07 06:37:26 [scrapy.core.scraper] DEBUG: Scraped from <200 https://maoyan.com/films?showType=3>
None
2020-07-07 06:37:26 [scrapy.core.scraper] DEBUG: Scraped from <200 https://maoyan.com/films?showType=3>
None
2020-07-07 06:37:26 [scrapy.core.scraper] DEBUG: Scraped from <200 https://maoyan.com/films?showType=3>
None
2020-07-07 06:37:26 [scrapy.core.scraper] DEBUG: Scraped from <200 https://maoyan.com/films?showType=3>
None
2020-07-07 06:37:26 [scrapy.core.scraper] DEBUG: Scraped from <200 https://maoyan.com/films?showType=3>
None
2020-07-07 06:37:26 [scrapy.core.scraper] DEBUG: Scraped from <200 https://maoyan.com/films?showType=3>
None
2020-07-07 06:37:26 [scrapy.core.scraper] DEBUG: Scraped from <200 https://maoyan.com/films?showType=3>
None
2020-07-07 06:37:26 [scrapy.core.scraper] DEBUG: Scraped from <200 https://maoyan.com/films?showType=3>
None
2020-07-07 06:37:26 [scrapy.core.scraper] DEBUG: Scraped from <200 https://maoyan.com/films?showType=3>
None
2020-07-07 06:37:26 [scrapy.core.engine] INFO: Closing spider (finished)
2020-07-07 06:37:26 [scrapy.statscollectors] INFO: Dumping Scrapy stats:
{'downloader/request_bytes': 495,
 'downloader/request_count': 1,
 'downloader/request_method_count/GET': 1,
 'downloader/response_bytes': 87763,
 'downloader/response_count': 1,
 'downloader/response_status_count/200': 1,
 'elapsed_time_seconds': 1.017246,
 'finish_reason': 'finished',
 'finish_time': datetime.datetime(2020, 7, 6, 22, 37, 26, 707267),
 'item_scraped_count': 30,
 'log_count/DEBUG': 31,
 'log_count/INFO': 11,
 'memusage/max': 52035584,
 'memusage/startup': 52035584,
 'response_received_count': 1,
 'scheduler/dequeued': 1,
 'scheduler/dequeued/memory': 1,
 'scheduler/enqueued': 1,
 'scheduler/enqueued/memory': 1,
 'start_time': datetime.datetime(2020, 7, 6, 22, 37, 25, 690021)}
2020-07-07 06:37:26 [scrapy.core.engine] INFO: Spider closed (finished)
