2020-07-06 22:44:55 [scrapy.utils.log] INFO: Scrapy 2.1.0 started (bot: movies)
2020-07-06 22:44:55 [scrapy.utils.log] INFO: Versions: lxml 4.5.0.0, libxml2 2.9.10, cssselect 1.1.0, parsel 1.6.0, w3lib 1.22.0, Twisted 20.3.0, Python 3.7.6 (v3.7.6:43364a7ae0, Dec 18 2019, 14:18:50) - [Clang 6.0 (clang-600.0.57)], pyOpenSSL 19.1.0 (OpenSSL 1.1.1g  21 Apr 2020), cryptography 2.9.2, Platform Darwin-19.5.0-x86_64-i386-64bit
2020-07-06 22:44:55 [scrapy.utils.log] DEBUG: Using reactor: twisted.internet.selectreactor.SelectReactor
2020-07-06 22:44:55 [scrapy.crawler] INFO: Overridden settings:
{'BOT_NAME': 'movies',
 'DOWNLOAD_DELAY': 0.5,
 'DOWNLOAD_TIMEOUT': 5,
 'DOWNLOAD_WARNSIZE': 0,
 'LOG_FILE': 'log/scrapy_log_20200706_224455.log',
 'NEWSPIDER_MODULE': 'movies.spiders',
 'SPIDER_MODULES': ['movies.spiders'],
 'USER_AGENT': 'Mozilla/5.0 (Macintosh; Intel Mac OS X 10_15_1) '
               'AppleWebKit/537.36 (KHTML, like Gecko) Chrome/83.0.4103.116 '
               'Safari/537.36'}
2020-07-06 22:44:55 [scrapy.extensions.telnet] INFO: Telnet Password: bf2e24ade31ccfa4
2020-07-06 22:44:55 [scrapy.middleware] INFO: Enabled extensions:
['scrapy.extensions.corestats.CoreStats',
 'scrapy.extensions.telnet.TelnetConsole',
 'scrapy.extensions.memusage.MemoryUsage',
 'scrapy.extensions.logstats.LogStats']
2020-07-06 22:44:55 [scrapy.middleware] INFO: Enabled downloader middlewares:
['scrapy.downloadermiddlewares.httpauth.HttpAuthMiddleware',
 'scrapy.downloadermiddlewares.downloadtimeout.DownloadTimeoutMiddleware',
 'scrapy.downloadermiddlewares.defaultheaders.DefaultHeadersMiddleware',
 'movies.middlewares.RandomHttpProxyMiddleware',
 'scrapy.downloadermiddlewares.useragent.UserAgentMiddleware',
 'movies.middlewares.MoviesDownloaderMiddleware',
 'scrapy.downloadermiddlewares.retry.RetryMiddleware',
 'scrapy.downloadermiddlewares.redirect.MetaRefreshMiddleware',
 'scrapy.downloadermiddlewares.httpcompression.HttpCompressionMiddleware',
 'scrapy.downloadermiddlewares.redirect.RedirectMiddleware',
 'scrapy.downloadermiddlewares.cookies.CookiesMiddleware',
 'scrapy.downloadermiddlewares.httpproxy.HttpProxyMiddleware',
 'scrapy.downloadermiddlewares.stats.DownloaderStats']
2020-07-06 22:44:55 [scrapy.middleware] INFO: Enabled spider middlewares:
['scrapy.spidermiddlewares.httperror.HttpErrorMiddleware',
 'scrapy.spidermiddlewares.offsite.OffsiteMiddleware',
 'scrapy.spidermiddlewares.referer.RefererMiddleware',
 'scrapy.spidermiddlewares.urllength.UrlLengthMiddleware',
 'scrapy.spidermiddlewares.depth.DepthMiddleware']
2020-07-06 22:44:55 [twisted] CRITICAL: Unhandled error in Deferred:
2020-07-06 22:44:55 [twisted] CRITICAL: 
Traceback (most recent call last):
  File "/Library/Frameworks/Python.framework/Versions/3.7/lib/python3.7/site-packages/twisted/internet/defer.py", line 1418, in _inlineCallbacks
    result = g.send(result)
  File "/Library/Frameworks/Python.framework/Versions/3.7/lib/python3.7/site-packages/scrapy/crawler.py", line 87, in crawl
    self.engine = self._create_engine()
  File "/Library/Frameworks/Python.framework/Versions/3.7/lib/python3.7/site-packages/scrapy/crawler.py", line 101, in _create_engine
    return ExecutionEngine(self, lambda _: self.stop())
  File "/Library/Frameworks/Python.framework/Versions/3.7/lib/python3.7/site-packages/scrapy/core/engine.py", line 70, in __init__
    self.scraper = Scraper(crawler)
  File "/Library/Frameworks/Python.framework/Versions/3.7/lib/python3.7/site-packages/scrapy/core/scraper.py", line 71, in __init__
    self.itemproc = itemproc_cls.from_crawler(crawler)
  File "/Library/Frameworks/Python.framework/Versions/3.7/lib/python3.7/site-packages/scrapy/middleware.py", line 53, in from_crawler
    return cls.from_settings(crawler.settings, crawler)
  File "/Library/Frameworks/Python.framework/Versions/3.7/lib/python3.7/site-packages/scrapy/middleware.py", line 34, in from_settings
    mwcls = load_object(clspath)
  File "/Library/Frameworks/Python.framework/Versions/3.7/lib/python3.7/site-packages/scrapy/utils/misc.py", line 50, in load_object
    mod = import_module(module)
  File "/Library/Frameworks/Python.framework/Versions/3.7/lib/python3.7/importlib/__init__.py", line 127, in import_module
    return _bootstrap._gcd_import(name[level:], package, level)
  File "<frozen importlib._bootstrap>", line 1006, in _gcd_import
  File "<frozen importlib._bootstrap>", line 983, in _find_and_load
  File "<frozen importlib._bootstrap>", line 967, in _find_and_load_unlocked
  File "<frozen importlib._bootstrap>", line 677, in _load_unlocked
  File "<frozen importlib._bootstrap_external>", line 724, in exec_module
  File "<frozen importlib._bootstrap_external>", line 860, in get_code
  File "<frozen importlib._bootstrap_external>", line 791, in source_to_code
  File "<frozen importlib._bootstrap>", line 219, in _call_with_frames_removed
  File "/Users/zhangzhuoyu 1/homework/Python001-class01/week02/作业一/movies/movies/pipelines.py", line 30
    logger = crawler.settings.get('MYSQL_LOGGER')
         ^
SyntaxError: invalid syntax
